#Build: Fabric Compiler 2022.1, Build 99559, Jul 12 00:20 2022
#Install: D:\tools\pango\PDS_2022.1\bin
#Application name: pds_shell.exe
#OS: Windows 10 10.0.22621
#Hostname: sternstunde
Generated by Fabric Compiler (version 2022.1 build 99559) at Tue Nov 14 13:45:58 2023
Compiling verification operator library.
Compiling common defs.
Compiling prim grid devices.
Compiling gate devices.
Compiling gate operators.
Building architecture model.
Loading device packaging model.
Reading design from DB.
Start Generating Programming File...
Reading design from DB takes 1.343750 sec.
Generating architecture configuration.
The bitstream file is "F:/18714/Documents/FPGA_pangu50k/video_stitching/pango_project/generate_bitstream/video_stitching.sbit"
Generate programming file takes 11.796875 sec.
Generating Programming File done.
Action gen_bit_stream: Real time elapsed is 0h:0m:20s
Action gen_bit_stream: CPU time elapsed is 0h:0m:15s
Action gen_bit_stream: Process CPU time elapsed is 0h:0m:15s
Current time: Tue Nov 14 13:46:16 2023
Action gen_bit_stream: Peak memory pool usage is 733 MB
