#Build: Fabric Compiler 2022.1, Build 99559, Jul 12 00:20 2022
#Install: D:\pango\PDS_2022.1\bin
#Application name: pds_shell.exe
#OS: Windows 10 10.0.19045
#Hostname: DESKTOP-8PKN27U
Generated by Fabric Compiler (version 2022.1 build 99559) at Fri May  5 12:04:54 2023
Compiling verification operator library.
Compiling common defs.
Compiling prim grid devices.
Compiling gate devices.
Compiling gate operators.
Building architecture model.
Loading device packaging model.
Reading design from DB.
Start Generating Programming File...
Reading design from DB takes 1.468750 sec.
Generating architecture configuration.
The bitstream file is "D:/FPGA_projects/PANGOMICRO/video_stitching/pango_project/generate_bitstream/video_stitching.sbit"
Generate programming file takes 10.765625 sec.
Generating Programming File done.
Action gen_bit_stream: Real time elapsed is 0h:0m:17s
Action gen_bit_stream: CPU time elapsed is 0h:0m:15s
Action gen_bit_stream: Process CPU time elapsed is 0h:0m:15s
Current time: Fri May  5 12:05:09 2023
Action gen_bit_stream: Peak memory pool usage is 731 MB
