#Build: Fabric Compiler 2022.1, Build 99559, Jul 12 00:20 2022
#Install: D:\pango\PDS_2022.1\bin
#Application name: pds_shell.exe
#OS: Windows 10 10.0.19045
#Hostname: DESKTOP-8PKN27U
Generated by Fabric Compiler (version 2022.1 build 99559) at Sun Oct  1 15:57:05 2023
Compiling verification operator library.
Compiling common defs.
Compiling prim grid devices.
Compiling gate devices.
Compiling gate operators.
Building architecture model.
Loading device packaging model.
Reading design from DB.
Start Generating Programming File...
Reading design from DB takes 2.437500 sec.
Generating architecture configuration.
The bitstream file is "D:/FPGA_projects/PANGOMICRO/video_stitching/pango_project/generate_bitstream/video_stitching.sbit"
Generate programming file takes 18.421875 sec.
Generating Programming File done.
Action gen_bit_stream: Real time elapsed is 0h:0m:27s
Action gen_bit_stream: CPU time elapsed is 0h:0m:24s
Action gen_bit_stream: Process CPU time elapsed is 0h:0m:24s
Current time: Sun Oct  1 15:57:30 2023
Action gen_bit_stream: Peak memory pool usage is 732 MB
